<?xml version="1.0" encoding="UTF-8" standalone="no"?>
<testsuite errors="0" failures="0" name="io.cucumber.core.plugin.JUnitFormatter" skipped="0" tests="3" time="0.605">
    <testcase classname="Calculate billing amount" name="billing amount" time="0.118">
        <system-out>
            <![CDATA[Given user is on billing page...............................................passed
When user enters billing amount "1000"......................................passed
When user enters tax amount "10"............................................passed
And user clicks on calculate button.........................................passed
Then it gives the final amount "1010".......................................passed
]]>
        </system-out>
    </testcase>
    <testcase classname="Calculate billing amount" name="billing amount 2" time="0.009">
        <system-out>
            <![CDATA[Given user is on billing page...............................................passed
When user enters billing amount "500".......................................passed
When user enters tax amount "20"............................................passed
And user clicks on calculate button.........................................passed
Then it gives the final amount "520"........................................passed
]]>
        </system-out>
    </testcase>
    <testcase classname="Calculate billing amount" name="billing amount 3" time="0.005">
        <system-out>
            <![CDATA[Given user is on billing page...............................................passed
When user enters billing amount "100".......................................passed
When user enters tax amount "5.5"...........................................passed
And user clicks on calculate button.........................................passed
Then it gives the final amount "105.5"......................................passed
]]>
        </system-out>
    </testcase>
</testsuite>
