<?xml version="1.0" encoding="UTF-8"?>
<testsuite xmlns:xsi="http://www.w3.org/2001/XMLSchema-instance" xsi:noNamespaceSchemaLocation="https://maven.apache.org/surefire/maven-surefire-plugin/xsd/surefire-test-report.xsd" name="testrunners.UberTest" time="0.977" tests="3" errors="0" skipped="0" failures="0">
  <properties>
[...]
</properties>
  <testcase name="Booking Sedan" classname="Uber Booking Feature" time="0.168"/>
  <testcase name="Booking SUV" classname="Uber Booking Feature" time="0.028"/>
  <testcase name="Booking Mini" classname="Uber Booking Feature" time="0.016"/>
</testsuite>